<html>
<head>
<title>TestNG:  Default test</title>
<link href="../testng.css" rel="stylesheet" type="text/css" />
<link href="../my-testng.css" rel="stylesheet" type="text/css" />

<style type="text/css">
.log { display: none;} 
.stack-trace { display: none;} 
</style>
<script type="text/javascript">
<!--
function flip(e) {
  current = e.style.display;
  if (current == 'block') {
    e.style.display = 'none';
    return 0;
  }
  else {
    e.style.display = 'block';
    return 1;
  }
}

function toggleBox(szDivId, elem, msg1, msg2)
{
  var res = -1;  if (document.getElementById) {
    res = flip(document.getElementById(szDivId));
  }
  else if (document.all) {
    // this is the way old msie versions work
    res = flip(document.all[szDivId]);
  }
  if(elem) {
    if(res == 0) elem.innerHTML = msg1; else elem.innerHTML = msg2;
  }

}

function toggleAllBoxes() {
  if (document.getElementsByTagName) {
    d = document.getElementsByTagName('div');
    for (i = 0; i < d.length; i++) {
      if (d[i].className == 'log') {
        flip(d[i]);
      }
    }
  }
}

// -->
</script>

</head>
<body>
<h2 align='center'>Default test</h2><table border='1' align="center">
<tr>
<td>Tests passed/Failed/Skipped:</td><td>2/0/5</td>
</tr><tr>
<td>Started on:</td><td>Sun Jul 08 14:54:51 IST 2018</td>
</tr>
<tr><td>Total time:</td><td>88 seconds (88978 ms)</td>
</tr><tr>
<td>Included groups:</td><td></td>
</tr><tr>
<td>Excluded groups:</td><td></td>
</tr>
</table><p/>
<small><i>(Hover the method name to see the test class name)</i></small><p/>
<table width='100%' border='1' class='invocation-failed'>
<tr><td colspan='4' align='center'><b>FAILED CONFIGURATIONS</b></td></tr>
<tr><td><b>Test method</b></td>
<td width="30%"><b>Exception</b></td>
<td width="10%"><b>Time (seconds)</b></td>
<td><b>Instance</b></td>
</tr>
<tr>
<td title='com.datadriven.test.HalfEbayTest.setUp()'><b>setUp</b><br>Test class: com.datadriven.test.HalfEbayTest</td>
<td><div><pre>org.openqa.selenium.TimeoutException: Timed out waiting for page load.
Command duration or timeout: 50.02 seconds
Build info: version: &apos;2.53.0&apos;, revision: &apos;35ae25b&apos;, time: &apos;2016-03-15 16:57:40&apos;
System info: host: &apos;hp-PC&apos;, ip: &apos;192.168.1.58&apos;, os.name: &apos;Windows 7&apos;, os.arch: &apos;amd64&apos;, os.version: &apos;6.1&apos;, java.version: &apos;1.8.0_144&apos;
Driver info: org.openqa.selenium.firefox.FirefoxDriver
Capabilities [{applicationCacheEnabled=true, rotatable=false, handlesAlerts=true, databaseEnabled=true, version=43.0.1, platform=WINDOWS, nativeEvents=false, acceptSslCerts=true, webStorageEnabled=true, locationContextEnabled=true, browserName=firefox, takesScreenshot=true, javascriptEnabled=true, cssSelectorsEnabled=true}]
Session ID: 3308e7bf-43c1-47fa-a3c5-de9e39c7709b
	at sun.reflect.NativeConstructorAccessorImpl.newInstance0(Native Method)
	at sun.reflect.NativeConstructorAccessorImpl.newInstance(Unknown Source)
	at sun.reflect.DelegatingConstructorAccessorImpl.newInstance(Unknown Source)
	at java.lang.reflect.Constructor.newInstance(Unknown Source)
	at org.openqa.selenium.remote.ErrorHandler.createThrowable(ErrorHandler.java:206)
	at org.openqa.selenium.remote.ErrorHandler.throwIfResponseFailed(ErrorHandler.java:158)
	at org.openqa.selenium.remote.RemoteWebDriver.execute(RemoteWebDriver.java:678)
	at org.openqa.selenium.remote.RemoteWebDriver.get(RemoteWebDriver.java:316)
	at com.datadriven.test.HalfEbayTest.setUp(HalfEbayTest.java:29)
	at sun.reflect.NativeMethodAccessorImpl.invoke0(Native Method)
	at sun.reflect.NativeMethodAccessorImpl.invoke(Unknown Source)
	at sun.reflect.DelegatingMethodAccessorImpl.invoke(Unknown Source)
	at java.lang.reflect.Method.invoke(Unknown Source)
	at org.testng.internal.MethodInvocationHelper.invokeMethod(MethodInvocationHelper.java:85)
	at org.testng.internal.Invoker.invokeConfigurationMethod(Invoker.java:510)
	at org.testng.internal.Invoker.invokeConfigurations(Invoker.java:211)
	at org.testng.internal.Invoker.invokeMethod(Invoker.java:585)
	at org.testng.internal.Invoker.invokeTestMethod(Invoker.java:816)
	at org.testng.internal.Invoker.invokeTestMethods(Invoker.java:1124)
	at org.testng.internal.TestMethodWorker.invokeTestMethods(TestMethodWorker.java:125)
	at org.testng.internal.TestMethodWorker.run(TestMethodWorker.java:108)
	at org.testng.TestRunner.privateRun(TestRunner.java:774)
	at org.testng.TestRunner.run(TestRunner.java:624)
	at org.testng.SuiteRunner.runTest(SuiteRunner.java:359)
	at org.testng.SuiteRunner.runSequentially(SuiteRunner.java:354)
	at org.testng.SuiteRunner.privateRun(SuiteRunner.java:312)
	at org.testng.SuiteRunner.run(SuiteRunner.java:261)
	at org.testng.SuiteRunnerWorker.runSuite(SuiteRunnerWorker.java:52)
	at org.testng.SuiteRunnerWorker.run(SuiteRunnerWorker.java:86)
	at org.testng.TestNG.runSuitesSequentially(TestNG.java:1215)
	at org.testng.TestNG.runSuitesLocally(TestNG.java:1140)
	at org.testng.TestNG.run(TestNG.java:1048)
	at org.testng.remote.AbstractRemoteTestNG.run(AbstractRemoteTestNG.java:114)
	at org.testng.remote.RemoteTestNG.initAndRun(RemoteTestNG.java:251)
	at org.testng.remote.RemoteTestNG.main(RemoteTestNG.java:77)
Caused by: org.openqa.selenium.TimeoutException: Timed out waiting for page load.
Build info: version: &apos;2.53.0&apos;, revision: &apos;35ae25b&apos;, time: &apos;2016-03-15 16:57:40&apos;
System info: host: &apos;hp-PC&apos;, ip: &apos;192.168.1.58&apos;, os.name: &apos;Windows 7&apos;, os.arch: &apos;amd64&apos;, os.version: &apos;6.1&apos;, java.version: &apos;1.8.0_144&apos;
Driver info: driver.version: unknown
	at &lt;anonymous class&gt;.Utils.initWebLoadingListener/&lt;(file:///C:/Users/hp/AppData/Local/Temp/anonymous6478345861284337751webdriver-profile/extensions/fxdriver@googlecode.com/components/driver-component.js:9071)
	at &lt;anonymous class&gt;.WebLoadingListener/e(file:///C:/Users/hp/AppData/Local/Temp/anonymous6478345861284337751webdriver-profile/extensions/fxdriver@googlecode.com/components/driver-component.js:5142)
	at &lt;anonymous class&gt;.WebLoadingListener/&lt;(file:///C:/Users/hp/AppData/Local/Temp/anonymous6478345861284337751webdriver-profile/extensions/fxdriver@googlecode.com/components/driver-component.js:5150)
	at &lt;anonymous class&gt;.fxdriver.Timer.prototype.setTimeout/&lt;.notify(file:///C:/Users/hp/AppData/Local/Temp/anonymous6478345861284337751webdriver-profile/extensions/fxdriver@googlecode.com/components/driver-component.js:625)
</pre></div><a href='#' onClick='toggleBox("stack-trace490391704", this, "Click to show all stack frames", "Click to hide stack frames")'>Click to show all stack frames</a>
<div class='stack-trace' id='stack-trace490391704'><pre>org.openqa.selenium.TimeoutException: Timed out waiting for page load.
Command duration or timeout: 50.02 seconds
Build info: version: &apos;2.53.0&apos;, revision: &apos;35ae25b&apos;, time: &apos;2016-03-15 16:57:40&apos;
System info: host: &apos;hp-PC&apos;, ip: &apos;192.168.1.58&apos;, os.name: &apos;Windows 7&apos;, os.arch: &apos;amd64&apos;, os.version: &apos;6.1&apos;, java.version: &apos;1.8.0_144&apos;
Driver info: org.openqa.selenium.firefox.FirefoxDriver
Capabilities [{applicationCacheEnabled=true, rotatable=false, handlesAlerts=true, databaseEnabled=true, version=43.0.1, platform=WINDOWS, nativeEvents=false, acceptSslCerts=true, webStorageEnabled=true, locationContextEnabled=true, browserName=firefox, takesScreenshot=true, javascriptEnabled=true, cssSelectorsEnabled=true}]
Session ID: 3308e7bf-43c1-47fa-a3c5-de9e39c7709b
	at sun.reflect.NativeConstructorAccessorImpl.newInstance0(Native Method)
	at sun.reflect.NativeConstructorAccessorImpl.newInstance(Unknown Source)
	at sun.reflect.DelegatingConstructorAccessorImpl.newInstance(Unknown Source)
	at java.lang.reflect.Constructor.newInstance(Unknown Source)
	at org.openqa.selenium.remote.ErrorHandler.createThrowable(ErrorHandler.java:206)
	at org.openqa.selenium.remote.ErrorHandler.throwIfResponseFailed(ErrorHandler.java:158)
	at org.openqa.selenium.remote.RemoteWebDriver.execute(RemoteWebDriver.java:678)
	at org.openqa.selenium.remote.RemoteWebDriver.get(RemoteWebDriver.java:316)
	at com.datadriven.test.HalfEbayTest.setUp(HalfEbayTest.java:29)
	at sun.reflect.NativeMethodAccessorImpl.invoke0(Native Method)
	at sun.reflect.NativeMethodAccessorImpl.invoke(Unknown Source)
	at sun.reflect.DelegatingMethodAccessorImpl.invoke(Unknown Source)
	at java.lang.reflect.Method.invoke(Unknown Source)
	at org.testng.internal.MethodInvocationHelper.invokeMethod(MethodInvocationHelper.java:85)
	at org.testng.internal.Invoker.invokeConfigurationMethod(Invoker.java:510)
	at org.testng.internal.Invoker.invokeConfigurations(Invoker.java:211)
	at org.testng.internal.Invoker.invokeMethod(Invoker.java:585)
	at org.testng.internal.Invoker.invokeTestMethod(Invoker.java:816)
	at org.testng.internal.Invoker.invokeTestMethods(Invoker.java:1124)
	at org.testng.internal.TestMethodWorker.invokeTestMethods(TestMethodWorker.java:125)
	at org.testng.internal.TestMethodWorker.run(TestMethodWorker.java:108)
	at org.testng.TestRunner.privateRun(TestRunner.java:774)
	at org.testng.TestRunner.run(TestRunner.java:624)
	at org.testng.SuiteRunner.runTest(SuiteRunner.java:359)
	at org.testng.SuiteRunner.runSequentially(SuiteRunner.java:354)
	at org.testng.SuiteRunner.privateRun(SuiteRunner.java:312)
	at org.testng.SuiteRunner.run(SuiteRunner.java:261)
	at org.testng.SuiteRunnerWorker.runSuite(SuiteRunnerWorker.java:52)
	at org.testng.SuiteRunnerWorker.run(SuiteRunnerWorker.java:86)
	at org.testng.TestNG.runSuitesSequentially(TestNG.java:1215)
	at org.testng.TestNG.runSuitesLocally(TestNG.java:1140)
	at org.testng.TestNG.run(TestNG.java:1048)
	at org.testng.remote.AbstractRemoteTestNG.run(AbstractRemoteTestNG.java:114)
	at org.testng.remote.RemoteTestNG.initAndRun(RemoteTestNG.java:251)
	at org.testng.remote.RemoteTestNG.main(RemoteTestNG.java:77)
Caused by: org.openqa.selenium.TimeoutException: Timed out waiting for page load.
Build info: version: &apos;2.53.0&apos;, revision: &apos;35ae25b&apos;, time: &apos;2016-03-15 16:57:40&apos;
System info: host: &apos;hp-PC&apos;, ip: &apos;192.168.1.58&apos;, os.name: &apos;Windows 7&apos;, os.arch: &apos;amd64&apos;, os.version: &apos;6.1&apos;, java.version: &apos;1.8.0_144&apos;
Driver info: driver.version: unknown
	at &lt;anonymous class&gt;.Utils.initWebLoadingListener/&lt;(file:///C:/Users/hp/AppData/Local/Temp/anonymous6478345861284337751webdriver-profile/extensions/fxdriver@googlecode.com/components/driver-component.js:9071)
	at &lt;anonymous class&gt;.WebLoadingListener/e(file:///C:/Users/hp/AppData/Local/Temp/anonymous6478345861284337751webdriver-profile/extensions/fxdriver@googlecode.com/components/driver-component.js:5142)
	at &lt;anonymous class&gt;.WebLoadingListener/&lt;(file:///C:/Users/hp/AppData/Local/Temp/anonymous6478345861284337751webdriver-profile/extensions/fxdriver@googlecode.com/components/driver-component.js:5150)
	at &lt;anonymous class&gt;.fxdriver.Timer.prototype.setTimeout/&lt;.notify(file:///C:/Users/hp/AppData/Local/Temp/anonymous6478345861284337751webdriver-profile/extensions/fxdriver@googlecode.com/components/driver-component.js:625)
</pre></div></td>
<td>0</td>
<td>com.datadriven.test.HalfEbayTest@4501b7af</td></tr>
</table><p>
<table width='100%' border='1' class='invocation-skipped'>
<tr><td colspan='4' align='center'><b>SKIPPED CONFIGURATIONS</b></td></tr>
<tr><td><b>Test method</b></td>
<td width="30%"><b>Exception</b></td>
<td width="10%"><b>Time (seconds)</b></td>
<td><b>Instance</b></td>
</tr>
<tr>
<td title='com.datadriven.test.HalfEbayTest.setUp()'><b>setUp</b><br>Test class: com.datadriven.test.HalfEbayTest</td>
<td></td>
<td>0</td>
<td>com.datadriven.test.HalfEbayTest@4501b7af</td></tr>
<tr>
<td title='com.datadriven.test.HalfEbayTest.setUp()'><b>setUp</b><br>Test class: com.datadriven.test.HalfEbayTest</td>
<td></td>
<td>0</td>
<td>com.datadriven.test.HalfEbayTest@4501b7af</td></tr>
<tr>
<td title='com.datadriven.test.HalfEbayTest.setUp()'><b>setUp</b><br>Test class: com.datadriven.test.HalfEbayTest</td>
<td></td>
<td>0</td>
<td>com.datadriven.test.HalfEbayTest@4501b7af</td></tr>
<tr>
<td title='com.datadriven.test.HalfEbayTest.setUp()'><b>setUp</b><br>Test class: com.datadriven.test.HalfEbayTest</td>
<td></td>
<td>0</td>
<td>com.datadriven.test.HalfEbayTest@4501b7af</td></tr>
<tr>
<td title='com.datadriven.test.HalfEbayTest.tearDown()'><b>tearDown</b><br>Test class: com.datadriven.test.HalfEbayTest</td>
<td></td>
<td>0</td>
<td>com.datadriven.test.HalfEbayTest@4501b7af</td></tr>
<tr>
<td title='com.datadriven.test.HalfEbayTest.tearDown()'><b>tearDown</b><br>Test class: com.datadriven.test.HalfEbayTest</td>
<td></td>
<td>0</td>
<td>com.datadriven.test.HalfEbayTest@4501b7af</td></tr>
<tr>
<td title='com.datadriven.test.HalfEbayTest.tearDown()'><b>tearDown</b><br>Test class: com.datadriven.test.HalfEbayTest</td>
<td></td>
<td>0</td>
<td>com.datadriven.test.HalfEbayTest@4501b7af</td></tr>
<tr>
<td title='com.datadriven.test.HalfEbayTest.tearDown()'><b>tearDown</b><br>Test class: com.datadriven.test.HalfEbayTest</td>
<td></td>
<td>0</td>
<td>com.datadriven.test.HalfEbayTest@4501b7af</td></tr>
<tr>
<td title='com.datadriven.test.HalfEbayTest.tearDown()'><b>tearDown</b><br>Test class: com.datadriven.test.HalfEbayTest</td>
<td></td>
<td>0</td>
<td>com.datadriven.test.HalfEbayTest@4501b7af</td></tr>
</table><p>
<table width='100%' border='1' class='invocation-passed'>
<tr><td colspan='4' align='center'><b>PASSED TESTS</b></td></tr>
<tr><td><b>Test method</b></td>
<td width="30%"><b>Exception</b></td>
<td width="10%"><b>Time (seconds)</b></td>
<td><b>Instance</b></td>
</tr>
<tr>
<td title='com.datadriven.test.HalfEbayTest.halfEbayRegPageTest()'><b>halfEbayRegPageTest</b><br>Test class: com.datadriven.test.HalfEbayTest<br>Parameters: THIRU, BOLISHETTI, 13/21/18</td>
<td></td>
<td>0</td>
<td>com.datadriven.test.HalfEbayTest@4501b7af</td></tr>
<tr>
<td title='com.datadriven.test.HalfEbayTest.halfEbayRegPageTest()'><b>halfEbayRegPageTest</b><br>Test class: com.datadriven.test.HalfEbayTest<br>Parameters: subbu, chari, 14/21/18</td>
<td></td>
<td>1</td>
<td>com.datadriven.test.HalfEbayTest@4501b7af</td></tr>
</table><p>
<table width='100%' border='1' class='invocation-skipped'>
<tr><td colspan='4' align='center'><b>SKIPPED TESTS</b></td></tr>
<tr><td><b>Test method</b></td>
<td width="30%"><b>Exception</b></td>
<td width="10%"><b>Time (seconds)</b></td>
<td><b>Instance</b></td>
</tr>
<tr>
<td title='com.datadriven.test.HalfEbayTest.halfEbayRegPageTest()'><b>halfEbayRegPageTest</b><br>Test class: com.datadriven.test.HalfEbayTest<br>Parameters: Jaggu, Dish, 15/21/18</td>
<td></td>
<td>0</td>
<td>com.datadriven.test.HalfEbayTest@4501b7af</td></tr>
<tr>
<td title='com.datadriven.test.HalfEbayTest.halfEbayRegPageTest()'><b>halfEbayRegPageTest</b><br>Test class: com.datadriven.test.HalfEbayTest<br>Parameters: 123laddu , 098FFF, 16/21/18</td>
<td></td>
<td>0</td>
<td>com.datadriven.test.HalfEbayTest@4501b7af</td></tr>
<tr>
<td title='com.datadriven.test.HalfEbayTest.halfEbayRegPageTest()'><b>halfEbayRegPageTest</b><br>Test class: com.datadriven.test.HalfEbayTest<br>Parameters: milky765, jana sri234, 17/21/18</td>
<td></td>
<td>0</td>
<td>com.datadriven.test.HalfEbayTest@4501b7af</td></tr>
<tr>
<td title='com.datadriven.test.HalfEbayTest.halfEbayRegPageTest()'><b>halfEbayRegPageTest</b><br>Test class: com.datadriven.test.HalfEbayTest<br>Parameters: 123456.0, 789012.0, 18/21/18</td>
<td></td>
<td>0</td>
<td>com.datadriven.test.HalfEbayTest@4501b7af</td></tr>
<tr>
<td title='com.datadriven.test.HalfEbayTest.halfEbayRegPageTest()'><b>halfEbayRegPageTest</b><br>Test class: com.datadriven.test.HalfEbayTest<br>Parameters: #, @, 19/21/18</td>
<td></td>
<td>0</td>
<td>com.datadriven.test.HalfEbayTest@4501b7af</td></tr>
</table><p>
</body>
</html>